{"C:\\Projects\\anime-search\\src\\store\\animeSlice.ts": {"path":"C:\\Projects\\anime-search\\src\\store\\animeSlice.ts","statementMap":{"0":{"start":{"line":6,"column":18},"end":{"line":6,"column":null}},"1":{"start":{"line":7,"column":47},"end":{"line":17,"column":null}},"2":{"start":{"line":19,"column":30},"end":{"line":24,"column":null}},"3":{"start":{"line":20,"column":19},"end":{"line":22,"column":null}},"4":{"start":{"line":23,"column":2},"end":{"line":23,"column":null}},"5":{"start":{"line":26,"column":17},"end":{"line":32,"column":null}},"6":{"start":{"line":27,"column":101},"end":{"line":27,"column":null}},"7":{"start":{"line":28,"column":19},"end":{"line":30,"column":null}},"8":{"start":{"line":31,"column":2},"end":{"line":31,"column":null}},"9":{"start":{"line":34,"column":33},"end":{"line":53,"column":null}},"10":{"start":{"line":56,"column":13},"end":{"line":65,"column":null}},"11":{"start":{"line":57,"column":2},"end":{"line":64,"column":null}},"12":{"start":{"line":58,"column":18},"end":{"line":58,"column":null}},"13":{"start":{"line":59,"column":19},"end":{"line":59,"column":null}},"14":{"start":{"line":60,"column":17},"end":{"line":60,"column":null}},"15":{"start":{"line":61,"column":4},"end":{"line":61,"column":null}},"16":{"start":{"line":63,"column":4},"end":{"line":63,"column":null}},"17":{"start":{"line":68,"column":13},"end":{"line":85,"column":null}},"18":{"start":{"line":69,"column":2},"end":{"line":84,"column":null}},"19":{"start":{"line":70,"column":18},"end":{"line":70,"column":null}},"20":{"start":{"line":71,"column":42},"end":{"line":71,"column":null}},"21":{"start":{"line":72,"column":4},"end":{"line":72,"column":null}},"22":{"start":{"line":72,"column":35},"end":{"line":72,"column":null}},"23":{"start":{"line":74,"column":21},"end":{"line":74,"column":null}},"24":{"start":{"line":75,"column":19},"end":{"line":75,"column":null}},"25":{"start":{"line":77,"column":17},"end":{"line":77,"column":null}},"26":{"start":{"line":78,"column":4},"end":{"line":81,"column":null}},"27":{"start":{"line":83,"column":4},"end":{"line":83,"column":null}},"28":{"start":{"line":88,"column":13},"end":{"line":95,"column":null}},"29":{"start":{"line":89,"column":2},"end":{"line":94,"column":null}},"30":{"start":{"line":90,"column":21},"end":{"line":90,"column":null}},"31":{"start":{"line":91,"column":4},"end":{"line":91,"column":null}},"32":{"start":{"line":93,"column":4},"end":{"line":93,"column":null}},"33":{"start":{"line":97,"column":6},"end":{"line":162,"column":null}},"34":{"start":{"line":102,"column":6},"end":{"line":102,"column":null}},"35":{"start":{"line":105,"column":6},"end":{"line":105,"column":null}},"36":{"start":{"line":106,"column":6},"end":{"line":106,"column":null}},"37":{"start":{"line":107,"column":6},"end":{"line":107,"column":null}},"38":{"start":{"line":112,"column":4},"end":{"line":128,"column":null}},"39":{"start":{"line":114,"column":8},"end":{"line":114,"column":null}},"40":{"start":{"line":115,"column":8},"end":{"line":115,"column":null}},"41":{"start":{"line":118,"column":8},"end":{"line":118,"column":null}},"42":{"start":{"line":119,"column":8},"end":{"line":119,"column":null}},"43":{"start":{"line":119,"column":29},"end":{"line":119,"column":null}},"44":{"start":{"line":120,"column":45},"end":{"line":120,"column":null}},"45":{"start":{"line":121,"column":8},"end":{"line":121,"column":null}},"46":{"start":{"line":122,"column":8},"end":{"line":122,"column":null}},"47":{"start":{"line":123,"column":8},"end":{"line":123,"column":null}},"48":{"start":{"line":126,"column":8},"end":{"line":126,"column":null}},"49":{"start":{"line":127,"column":8},"end":{"line":127,"column":null}},"50":{"start":{"line":131,"column":4},"end":{"line":145,"column":null}},"51":{"start":{"line":133,"column":8},"end":{"line":133,"column":null}},"52":{"start":{"line":136,"column":8},"end":{"line":136,"column":null}},"53":{"start":{"line":137,"column":8},"end":{"line":137,"column":null}},"54":{"start":{"line":137,"column":29},"end":{"line":137,"column":null}},"55":{"start":{"line":138,"column":37},"end":{"line":138,"column":null}},"56":{"start":{"line":139,"column":8},"end":{"line":139,"column":null}},"57":{"start":{"line":140,"column":8},"end":{"line":140,"column":null}},"58":{"start":{"line":143,"column":8},"end":{"line":143,"column":null}},"59":{"start":{"line":144,"column":8},"end":{"line":144,"column":null}},"60":{"start":{"line":148,"column":4},"end":{"line":160,"column":null}},"61":{"start":{"line":150,"column":8},"end":{"line":150,"column":null}},"62":{"start":{"line":151,"column":8},"end":{"line":151,"column":null}},"63":{"start":{"line":154,"column":8},"end":{"line":154,"column":null}},"64":{"start":{"line":155,"column":8},"end":{"line":155,"column":null}},"65":{"start":{"line":158,"column":8},"end":{"line":158,"column":null}},"66":{"start":{"line":159,"column":8},"end":{"line":159,"column":null}},"67":{"start":{"line":164,"column":48},"end":{"line":164,"column":null}}},"fnMap":{"0":{"name":"(anonymous_0)","decl":{"start":{"line":19,"column":30},"end":{"line":19,"column":42}},"loc":{"start":{"line":19,"column":42},"end":{"line":24,"column":null}},"line":19},"1":{"name":"(anonymous_1)","decl":{"start":{"line":26,"column":17},"end":{"line":26,"column":24}},"loc":{"start":{"line":26,"column":48},"end":{"line":32,"column":null}},"line":26},"2":{"name":"(anonymous_2)","decl":{"start":{"line":56,"column":83},"end":{"line":56,"column":90}},"loc":{"start":{"line":56,"column":127},"end":{"line":65,"column":1}},"line":56},"3":{"name":"(anonymous_3)","decl":{"start":{"line":68,"column":77},"end":{"line":68,"column":84}},"loc":{"start":{"line":68,"column":121},"end":{"line":85,"column":1}},"line":68},"4":{"name":"(anonymous_4)","decl":{"start":{"line":88,"column":90},"end":{"line":88,"column":97}},"loc":{"start":{"line":88,"column":125},"end":{"line":95,"column":1}},"line":88},"5":{"name":"(anonymous_5)","decl":{"start":{"line":101,"column":16},"end":{"line":101,"column":17}},"loc":{"start":{"line":101,"column":72},"end":{"line":103,"column":null}},"line":101},"6":{"name":"(anonymous_6)","decl":{"start":{"line":104,"column":23},"end":{"line":104,"column":33}},"loc":{"start":{"line":104,"column":33},"end":{"line":108,"column":null}},"line":104},"7":{"name":"(anonymous_7)","decl":{"start":{"line":110,"column":18},"end":{"line":110,"column":30}},"loc":{"start":{"line":110,"column":30},"end":{"line":161,"column":null}},"line":110},"8":{"name":"(anonymous_8)","decl":{"start":{"line":113,"column":46},"end":{"line":113,"column":56}},"loc":{"start":{"line":113,"column":56},"end":{"line":116,"column":7}},"line":113},"9":{"name":"(anonymous_9)","decl":{"start":{"line":117,"column":47},"end":{"line":117,"column":48}},"loc":{"start":{"line":117,"column":66},"end":{"line":124,"column":7}},"line":117},"10":{"name":"(anonymous_10)","decl":{"start":{"line":125,"column":46},"end":{"line":125,"column":47}},"loc":{"start":{"line":125,"column":65},"end":{"line":128,"column":7}},"line":125},"11":{"name":"(anonymous_11)","decl":{"start":{"line":132,"column":43},"end":{"line":132,"column":53}},"loc":{"start":{"line":132,"column":53},"end":{"line":134,"column":7}},"line":132},"12":{"name":"(anonymous_12)","decl":{"start":{"line":135,"column":44},"end":{"line":135,"column":45}},"loc":{"start":{"line":135,"column":63},"end":{"line":141,"column":7}},"line":135},"13":{"name":"(anonymous_13)","decl":{"start":{"line":142,"column":43},"end":{"line":142,"column":44}},"loc":{"start":{"line":142,"column":62},"end":{"line":145,"column":7}},"line":142},"14":{"name":"(anonymous_14)","decl":{"start":{"line":149,"column":42},"end":{"line":149,"column":52}},"loc":{"start":{"line":149,"column":52},"end":{"line":152,"column":7}},"line":149},"15":{"name":"(anonymous_15)","decl":{"start":{"line":153,"column":43},"end":{"line":153,"column":44}},"loc":{"start":{"line":153,"column":62},"end":{"line":156,"column":7}},"line":153},"16":{"name":"(anonymous_16)","decl":{"start":{"line":157,"column":42},"end":{"line":157,"column":43}},"loc":{"start":{"line":157,"column":61},"end":{"line":160,"column":7}},"line":157}},"branchMap":{"0":{"loc":{"start":{"line":72,"column":4},"end":{"line":72,"column":null}},"type":"if","locations":[{"start":{"line":72,"column":4},"end":{"line":72,"column":null}},{"start":{},"end":{}}],"line":72},"1":{"loc":{"start":{"line":119,"column":8},"end":{"line":119,"column":null}},"type":"if","locations":[{"start":{"line":119,"column":8},"end":{"line":119,"column":null}},{"start":{},"end":{}}],"line":119},"2":{"loc":{"start":{"line":137,"column":8},"end":{"line":137,"column":null}},"type":"if","locations":[{"start":{"line":137,"column":8},"end":{"line":137,"column":null}},{"start":{},"end":{}}],"line":137}},"s":{"0":1,"1":1,"2":1,"3":0,"4":0,"5":1,"6":4,"7":4,"8":3,"9":1,"10":1,"11":3,"12":3,"13":3,"14":3,"15":2,"16":1,"17":1,"18":2,"19":2,"20":2,"21":2,"22":1,"23":1,"24":1,"25":1,"26":1,"27":0,"28":1,"29":2,"30":2,"31":1,"32":1,"33":1,"34":1,"35":1,"36":1,"37":1,"38":1,"39":0,"40":0,"41":0,"42":0,"43":0,"44":0,"45":0,"46":0,"47":0,"48":0,"49":0,"50":1,"51":0,"52":0,"53":0,"54":0,"55":0,"56":0,"57":0,"58":0,"59":0,"60":1,"61":1,"62":1,"63":1,"64":1,"65":1,"66":1,"67":1},"f":{"0":0,"1":4,"2":3,"3":2,"4":2,"5":1,"6":1,"7":1,"8":0,"9":0,"10":0,"11":0,"12":0,"13":0,"14":1,"15":1,"16":1},"b":{"0":[1,1],"1":[0,0],"2":[0,0]},"meta":{"lastBranch":3,"lastFunction":17,"lastStatement":68,"seen":{"s:6:18:6:Infinity":0,"s:7:47:17:Infinity":1,"s:19:30:24:Infinity":2,"f:19:30:19:42":0,"s:20:19:22:Infinity":3,"s:23:2:23:Infinity":4,"s:26:17:32:Infinity":5,"f:26:17:26:24":1,"s:27:101:27:Infinity":6,"s:28:19:30:Infinity":7,"s:31:2:31:Infinity":8,"s:34:33:53:Infinity":9,"s:56:13:65:Infinity":10,"f:56:83:56:90":2,"s:57:2:64:Infinity":11,"s:58:18:58:Infinity":12,"s:59:19:59:Infinity":13,"s:60:17:60:Infinity":14,"s:61:4:61:Infinity":15,"s:63:4:63:Infinity":16,"s:68:13:85:Infinity":17,"f:68:77:68:84":3,"s:69:2:84:Infinity":18,"s:70:18:70:Infinity":19,"s:71:42:71:Infinity":20,"b:72:4:72:Infinity:undefined:undefined:undefined:undefined":0,"s:72:4:72:Infinity":21,"s:72:35:72:Infinity":22,"s:74:21:74:Infinity":23,"s:75:19:75:Infinity":24,"s:77:17:77:Infinity":25,"s:78:4:81:Infinity":26,"s:83:4:83:Infinity":27,"s:88:13:95:Infinity":28,"f:88:90:88:97":4,"s:89:2:94:Infinity":29,"s:90:21:90:Infinity":30,"s:91:4:91:Infinity":31,"s:93:4:93:Infinity":32,"s:97:6:162:Infinity":33,"f:101:16:101:17":5,"s:102:6:102:Infinity":34,"f:104:23:104:33":6,"s:105:6:105:Infinity":35,"s:106:6:106:Infinity":36,"s:107:6:107:Infinity":37,"f:110:18:110:30":7,"s:112:4:128:Infinity":38,"f:113:46:113:56":8,"s:114:8:114:Infinity":39,"s:115:8:115:Infinity":40,"f:117:47:117:48":9,"s:118:8:118:Infinity":41,"b:119:8:119:Infinity:undefined:undefined:undefined:undefined":1,"s:119:8:119:Infinity":42,"s:119:29:119:Infinity":43,"s:120:45:120:Infinity":44,"s:121:8:121:Infinity":45,"s:122:8:122:Infinity":46,"s:123:8:123:Infinity":47,"f:125:46:125:47":10,"s:126:8:126:Infinity":48,"s:127:8:127:Infinity":49,"s:131:4:145:Infinity":50,"f:132:43:132:53":11,"s:133:8:133:Infinity":51,"f:135:44:135:45":12,"s:136:8:136:Infinity":52,"b:137:8:137:Infinity:undefined:undefined:undefined:undefined":2,"s:137:8:137:Infinity":53,"s:137:29:137:Infinity":54,"s:138:37:138:Infinity":55,"s:139:8:139:Infinity":56,"s:140:8:140:Infinity":57,"f:142:43:142:44":13,"s:143:8:143:Infinity":58,"s:144:8:144:Infinity":59,"s:148:4:160:Infinity":60,"f:149:42:149:52":14,"s:150:8:150:Infinity":61,"s:151:8:151:Infinity":62,"f:153:43:153:44":15,"s:154:8:154:Infinity":63,"s:155:8:155:Infinity":64,"f:157:42:157:43":16,"s:158:8:158:Infinity":65,"s:159:8:159:Infinity":66,"s:164:48:164:Infinity":67}}}
}
